INFO:root:Name of the Restaurant: Jasmine Fusion
INFO:root:Street Address: 4 Hill RoadMorningsideSandtonJohannesburg
INFO:root:Phone Number: +27 (0)82 443 3721
INFO:root:Email Address: gastronomy@jasminefusion.co.za
INFO:root:-------------------
INFO:root:Name of the Restaurant: Balata Restaurant @ The Fairway Hotel, Spa & Golf Resort
INFO:root:Street Address: Setperk Street, Randpark (Randpark Golf Course), Randburg, Johannesburg.
INFO:root:Phone Number: +27 (0)11 478 8000
INFO:root:Email Address: marketing@thefairway.co.za
INFO:root:-------------------
INFO:root:Name of the Restaurant: Soul Souvlaki - Sandton
INFO:root:Street Address: 25 Fredman Drive, Sandown, Johannesburg
INFO:root:Phone Number: 078 579 7773
INFO:root:Email Address: info@soulsouvlaki.co.za
INFO:root:-------------------
INFO:root:Name of the Restaurant: Soul Souvlaki - Rosebank
INFO:root:Street Address: 42 Bath Avenue,Rosebank, JohannesburgGauteng
INFO:root:Phone Number: 011 593 4380
INFO:root:Email Address: rosebank@soulsouvlaki.co.za
INFO:root:-------------------
INFO:root:Name of the Restaurant: Soul Souvlaki - Linden
INFO:root:Street Address: 34 7th St, Linden, Randburg
INFO:root:Phone Number: 011 912 7600
INFO:root:Email Address: linden@soulsouvlaki.co.za
INFO:root:-------------------
INFO:root:Name of the Restaurant: Soul Souvlaki - Dowerglen
INFO:root:Street Address: Shop 4 Dowerglen Plaza, 73 Sycamore Drive, Cnr Elm StreetDowerglen, Ext 3
INFO:root:Phone Number: +27 10 595 1192
INFO:root:Email Address: dowerglen@soulsouvlaki.co.za
INFO:root:-------------------
INFO:root:Name of the Restaurant: Soul Souvlaki - Benoni
INFO:root:Street Address: Cocoa Bean Center, Corner of 2nd street & 9 6th Ave, Northmead, Benoni
INFO:root:Phone Number: 082 457 1236
INFO:root:Email Address: benoni@soulsouvlaki.co.za
INFO:root:-------------------
INFO:root:Name of the Restaurant: The Bull Run Restaurant
INFO:root:Street Address: Adjacent to the Protea Hotel, Balalaika Sandton, Maude Street, Sandton.
INFO:root:Phone Number: +27 (0)11 884 1400
INFO:root:Email Address: info@thebullrun.co.za
INFO:root:-------------------
INFO:root:Name of the Restaurant: LeSi Singing Waiter Restaurant
INFO:root:Street Address: Cnr Meiring Naude and Darlington Street, Lynnwood Manor, Pretoria.
INFO:root:Phone Number: +27 (0)12 348 8820
INFO:root:Email Address: anette@casatoscana.co.za
INFO:root:-------------------
INFO:root:Name of the Restaurant: Soul Souvlaki - Alberton
INFO:root:Street Address: Shop 9Bazinga on Penzance14 Penzance RdNew RedruthAlberton
INFO:root:Phone Number: +27 10 216 9314
INFO:root:Email Address: alberton@soulsouvlaki.co.za
INFO:root:-------------------
INFO:root:Name of the Restaurant: Jasmine Fusion
INFO:root:Street Address: 4 Hill RoadMorningsideSandtonJohannesburg
INFO:root:Phone Number: +27 (0)82 443 3721
INFO:root:Email Address: gastronomy@jasminefusion.co.za
INFO:root:-------------------
INFO:root:Name of the Restaurant: Balata Restaurant @ The Fairway Hotel, Spa & Golf Resort
INFO:root:Street Address: Setperk Street, Randpark (Randpark Golf Course), Randburg, Johannesburg.
INFO:root:Phone Number: +27 (0)11 478 8000
INFO:root:Email Address: marketing@thefairway.co.za
INFO:root:-------------------
INFO:root:Name of the Restaurant: Soul Souvlaki - Sandton
INFO:root:Street Address: 25 Fredman Drive, Sandown, Johannesburg
INFO:root:Phone Number: 078 579 7773
INFO:root:Email Address: info@soulsouvlaki.co.za
INFO:root:-------------------
INFO:root:Name of the Restaurant: Soul Souvlaki - Rosebank
INFO:root:Street Address: 42 Bath Avenue,Rosebank, JohannesburgGauteng
INFO:root:Phone Number: 011 593 4380
INFO:root:Email Address: rosebank@soulsouvlaki.co.za
INFO:root:-------------------
INFO:root:Name of the Restaurant: Soul Souvlaki - Linden
INFO:root:Street Address: 34 7th St, Linden, Randburg
INFO:root:Phone Number: 011 912 7600
INFO:root:Email Address: linden@soulsouvlaki.co.za
INFO:root:-------------------
INFO:root:Name of the Restaurant: Soul Souvlaki - Dowerglen
INFO:root:Street Address: Shop 4 Dowerglen Plaza, 73 Sycamore Drive, Cnr Elm StreetDowerglen, Ext 3
INFO:root:Phone Number: +27 10 595 1192
INFO:root:Email Address: dowerglen@soulsouvlaki.co.za
INFO:root:-------------------
INFO:root:Name of the Restaurant: Soul Souvlaki - Benoni
INFO:root:Street Address: Cocoa Bean Center, Corner of 2nd street & 9 6th Ave, Northmead, Benoni
INFO:root:Phone Number: 082 457 1236
INFO:root:Email Address: benoni@soulsouvlaki.co.za
INFO:root:-------------------
INFO:root:Name of the Restaurant: The Bull Run Restaurant
INFO:root:Street Address: Adjacent to the Protea Hotel, Balalaika Sandton, Maude Street, Sandton.
INFO:root:Phone Number: +27 (0)11 884 1400
INFO:root:Email Address: info@thebullrun.co.za
INFO:root:-------------------
INFO:root:Name of the Restaurant: LeSi Singing Waiter Restaurant
INFO:root:Street Address: Cnr Meiring Naude and Darlington Street, Lynnwood Manor, Pretoria.
INFO:root:Phone Number: +27 (0)12 348 8820
INFO:root:Email Address: anette@casatoscana.co.za
INFO:root:-------------------
INFO:root:Name of the Restaurant: Soul Souvlaki - Alberton
INFO:root:Street Address: Shop 9Bazinga on Penzance14 Penzance RdNew RedruthAlberton
INFO:root:Phone Number: +27 10 216 9314
INFO:root:Email Address: alberton@soulsouvlaki.co.za
INFO:root:-------------------
